# JRE version: OpenJDK Runtime Environment (21.0.4) (build 21.0.4+-12508038-b607.1)
# Java VM: OpenJDK 64-Bit Server VM (21.0.4+-12508038-b607.1, mixed mode, tiered, compressed oops, compressed class ptrs, g1 gc, windows-amd64)
GC Precious Log:
 CardTable entry size: 512
 Card Set container configuration: InlinePtr #cards 5 size 8 Array Of Cards #cards 12 size 40 Howl #buckets 4 coarsen threshold 1843 Howl Bitmap #cards 512 size 80 coarsen threshold 460 Card regions per heap region 1 cards per card region 2048
 CPUs: 12 total, 12 available
 Memory: 3443M
 Large Page Support: Disabled
 NUMA Support: Disabled
 Compressed Oops: Enabled (32-bit)
 Heap Region Size: 1M
 Heap Min Capacity: 8M
 Heap Initial Capacity: 54M
 Heap Max Capacity: 2G
 Pre-touch: Disabled
 Parallel Workers: 10
 Concurrent Workers: 3
 Concurrent Refinement Workers: 10
 Periodic GC: Disabled
Heap:
 garbage-first heap   total 324608K, used 220160K [0x0000000080000000, 0x0000000100000000)
  region size 1024K, 12 young (12288K), 12 survivors (12288K)
 Metaspace       used 182763K, committed 185408K, reserved 1245184K
  class space    used 23708K, committed 25024K, reserved 1048576K
GC Heap History (20 events):
Event: 23.606 GC heap after
{Heap after GC invocations=59 (full 0):
 garbage-first heap   total 275456K, used 171138K [0x0000000080000000, 0x0000000100000000)
  region size 1024K, 7 young (7168K), 7 survivors (7168K)
 Metaspace       used 150865K, committed 153152K, reserved 1245184K
  class space    used 19065K, committed 20224K, reserved 1048576K
}
Event: 24.602 GC heap before
{Heap before GC invocations=59 (full 0):
 garbage-first heap   total 275456K, used 247938K [0x0000000080000000, 0x0000000100000000)
  region size 1024K, 82 young (83968K), 7 survivors (7168K)
 Metaspace       used 156921K, committed 159296K, reserved 1245184K
  class space    used 20056K, committed 21248K, reserved 1048576K
}
Event: 24.613 GC heap after
{Heap after GC invocations=60 (full 0):
 garbage-first heap   total 275456K, used 171055K [0x0000000080000000, 0x0000000100000000)
  region size 1024K, 4 young (4096K), 4 survivors (4096K)
 Metaspace       used 156921K, committed 159296K, reserved 1245184K
  class space    used 20056K, committed 21248K, reserved 1048576K
}
Event: 25.730 GC heap before
{Heap before GC invocations=60 (full 0):
 garbage-first heap   total 275456K, used 250927K [0x0000000080000000, 0x0000000100000000)
  region size 1024K, 82 young (83968K), 4 survivors (4096K)
 Metaspace       used 162548K, committed 164992K, reserved 1245184K
  class space    used 20881K, committed 22144K, reserved 1048576K
}
Event: 25.737 GC heap after
{Heap after GC invocations=61 (full 0):
 garbage-first heap   total 275456K, used 168305K [0x0000000080000000, 0x0000000100000000)
  region size 1024K, 8 young (8192K), 8 survivors (8192K)
 Metaspace       used 162548K, committed 164992K, reserved 1245184K
  class space    used 20881K, committed 22144K, reserved 1048576K
}
Event: 26.892 GC heap before
{Heap before GC invocations=62 (full 0):
 garbage-first heap   total 275456K, used 248177K [0x0000000080000000, 0x0000000100000000)
  region size 1024K, 90 young (92160K), 8 survivors (8192K)
 Metaspace       used 168844K, committed 171392K, reserved 1245184K
  class space    used 21795K, committed 23104K, reserved 1048576K
}
Event: 26.903 GC heap after
{Heap after GC invocations=63 (full 0):
 garbage-first heap   total 275456K, used 169605K [0x0000000080000000, 0x0000000100000000)
  region size 1024K, 10 young (10240K), 10 survivors (10240K)
 Metaspace       used 168844K, committed 171392K, reserved 1245184K
  class space    used 21795K, committed 23104K, reserved 1048576K
}
Event: 27.686 GC heap before
{Heap before GC invocations=63 (full 0):
 garbage-first heap   total 275456K, used 250501K [0x0000000080000000, 0x0000000100000000)
  region size 1024K, 89 young (91136K), 10 survivors (10240K)
 Metaspace       used 171511K, committed 174080K, reserved 1245184K
  class space    used 22208K, committed 23488K, reserved 1048576K
}
Event: 27.699 GC heap after
{Heap after GC invocations=64 (full 0):
 garbage-first heap   total 275456K, used 163337K [0x0000000080000000, 0x0000000100000000)
  region size 1024K, 12 young (12288K), 12 survivors (12288K)
 Metaspace       used 171511K, committed 174080K, reserved 1245184K
  class space    used 22208K, committed 23488K, reserved 1048576K
}
Event: 28.527 GC heap before
{Heap before GC invocations=64 (full 0):
 garbage-first heap   total 275456K, used 247305K [0x0000000080000000, 0x0000000100000000)
  region size 1024K, 95 young (97280K), 12 survivors (12288K)
 Metaspace       used 172075K, committed 174656K, reserved 1245184K
  class space    used 22292K, committed 23616K, reserved 1048576K
}
Event: 28.542 GC heap after
{Heap after GC invocations=65 (full 0):
 garbage-first heap   total 275456K, used 169602K [0x0000000080000000, 0x0000000100000000)
  region size 1024K, 8 young (8192K), 8 survivors (8192K)
 Metaspace       used 172075K, committed 174656K, reserved 1245184K
  class space    used 22292K, committed 23616K, reserved 1048576K
}
Event: 29.091 GC heap before
{Heap before GC invocations=66 (full 0):
 garbage-first heap   total 285696K, used 254594K [0x0000000080000000, 0x0000000100000000)
  region size 1024K, 87 young (89088K), 8 survivors (8192K)
 Metaspace       used 174190K, committed 176832K, reserved 1245184K
  class space    used 22476K, committed 23808K, reserved 1048576K
}
Event: 29.101 GC heap after
{Heap after GC invocations=67 (full 0):
 garbage-first heap   total 285696K, used 174383K [0x0000000080000000, 0x0000000100000000)
  region size 1024K, 8 young (8192K), 8 survivors (8192K)
 Metaspace       used 174190K, committed 176832K, reserved 1245184K
  class space    used 22476K, committed 23808K, reserved 1048576K
}
Event: 29.450 GC heap before
{Heap before GC invocations=67 (full 0):
 garbage-first heap   total 285696K, used 262447K [0x0000000080000000, 0x0000000100000000)
  region size 1024K, 94 young (96256K), 8 survivors (8192K)
 Metaspace       used 175448K, committed 178048K, reserved 1245184K
  class space    used 22651K, committed 23936K, reserved 1048576K
}
Event: 29.466 GC heap after
{Heap after GC invocations=68 (full 0):
 garbage-first heap   total 288768K, used 185030K [0x0000000080000000, 0x0000000100000000)
  region size 1024K, 12 young (12288K), 12 survivors (12288K)
 Metaspace       used 175448K, committed 178048K, reserved 1245184K
  class space    used 22651K, committed 23936K, reserved 1048576K
}
Event: 30.107 GC heap before
{Heap before GC invocations=68 (full 0):
 garbage-first heap   total 288768K, used 258758K [0x0000000080000000, 0x0000000100000000)
  region size 1024K, 85 young (87040K), 12 survivors (12288K)
 Metaspace       used 179613K, committed 182144K, reserved 1245184K
  class space    used 23228K, committed 24512K, reserved 1048576K
}
Event: 30.124 GC heap after
{Heap after GC invocations=69 (full 0):
 garbage-first heap   total 288768K, used 194355K [0x0000000080000000, 0x0000000100000000)
  region size 1024K, 11 young (11264K), 11 survivors (11264K)
 Metaspace       used 179613K, committed 182144K, reserved 1245184K
  class space    used 23228K, committed 24512K, reserved 1048576K
}
Event: 30.337 GC heap before
{Heap before GC invocations=69 (full 0):
 garbage-first heap   total 324608K, used 258867K [0x0000000080000000, 0x0000000100000000)
  region size 1024K, 75 young (76800K), 11 survivors (11264K)
 Metaspace       used 180302K, committed 182912K, reserved 1245184K
  class space    used 23331K, committed 24640K, reserved 1048576K
}
Event: 30.357 GC heap after
{Heap after GC invocations=70 (full 0):
 garbage-first heap   total 324608K, used 206151K [0x0000000080000000, 0x0000000100000000)
  region size 1024K, 10 young (10240K), 10 survivors (10240K)
 Metaspace       used 180302K, committed 182912K, reserved 1245184K
  class space    used 23331K, committed 24640K, reserved 1048576K
}
Event: 30.834 GC heap before
{Heap before GC invocations=71 (full 0):
 garbage-first heap   total 324608K, used 288071K [0x0000000080000000, 0x0000000100000000)
  region size 1024K, 91 young (93184K), 10 survivors (10240K)
 Metaspace       used 182763K, committed 185408K, reserved 1245184K
  class space    used 23708K, committed 25024K, reserved 1048576K
}

