# JRE version: OpenJDK Runtime Environment (21.0.4) (build 21.0.4+-12508038-b607.1)
# Java VM: OpenJDK 64-Bit Server VM (21.0.4+-12508038-b607.1, mixed mode, tiered, compressed oops, compressed class ptrs, g1 gc, windows-amd64)
GC Precious Log:
 CardTable entry size: 512
 Card Set container configuration: InlinePtr #cards 5 size 8 Array Of Cards #cards 12 size 40 Howl #buckets 4 coarsen threshold 1843 Howl Bitmap #cards 512 size 80 coarsen threshold 460 Card regions per heap region 1 cards per card region 2048
 CPUs: 12 total, 12 available
 Memory: 3443M
 Large Page Support: Disabled
 NUMA Support: Disabled
 Compressed Oops: Enabled (32-bit)
 Heap Region Size: 1M
 Heap Min Capacity: 8M
 Heap Initial Capacity: 54M
 Heap Max Capacity: 2G
 Pre-touch: Disabled
 Parallel Workers: 10
 Concurrent Workers: 3
 Concurrent Refinement Workers: 10
 Periodic GC: Disabled
Heap:
 garbage-first heap   total 447488K, used 266452K [0x0000000080000000, 0x0000000100000000)
  region size 1024K, 13 young (13312K), 13 survivors (13312K)
 Metaspace       used 155296K, committed 157568K, reserved 1245184K
  class space    used 19595K, committed 20736K, reserved 1048576K
GC Heap History (20 events):
Event: 70.548 GC heap after
{Heap after GC invocations=61 (full 0):
 garbage-first heap   total 288768K, used 159855K [0x0000000080000000, 0x0000000100000000)
  region size 1024K, 8 young (8192K), 8 survivors (8192K)
 Metaspace       used 153931K, committed 156224K, reserved 1245184K
  class space    used 19485K, committed 20608K, reserved 1048576K
}
Event: 71.042 GC heap before
{Heap before GC invocations=61 (full 0):
 garbage-first heap   total 288768K, used 264303K [0x0000000080000000, 0x0000000100000000)
  region size 1024K, 110 young (112640K), 8 survivors (8192K)
 Metaspace       used 153931K, committed 156224K, reserved 1245184K
  class space    used 19485K, committed 20608K, reserved 1048576K
}
Event: 71.054 GC heap after
{Heap after GC invocations=62 (full 0):
 garbage-first heap   total 288768K, used 155634K [0x0000000080000000, 0x0000000100000000)
  region size 1024K, 10 young (10240K), 10 survivors (10240K)
 Metaspace       used 153931K, committed 156224K, reserved 1245184K
  class space    used 19485K, committed 20608K, reserved 1048576K
}
Event: 71.539 GC heap before
{Heap before GC invocations=62 (full 0):
 garbage-first heap   total 288768K, used 263154K [0x0000000080000000, 0x0000000100000000)
  region size 1024K, 115 young (117760K), 10 survivors (10240K)
 Metaspace       used 153931K, committed 156224K, reserved 1245184K
  class space    used 19485K, committed 20608K, reserved 1048576K
}
Event: 71.549 GC heap after
{Heap after GC invocations=63 (full 0):
 garbage-first heap   total 288768K, used 158722K [0x0000000080000000, 0x0000000100000000)
  region size 1024K, 11 young (11264K), 11 survivors (11264K)
 Metaspace       used 153931K, committed 156224K, reserved 1245184K
  class space    used 19485K, committed 20608K, reserved 1048576K
}
Event: 72.107 GC heap before
{Heap before GC invocations=64 (full 0):
 garbage-first heap   total 288768K, used 263170K [0x0000000080000000, 0x0000000100000000)
  region size 1024K, 111 young (113664K), 11 survivors (11264K)
 Metaspace       used 153938K, committed 156224K, reserved 1245184K
  class space    used 19485K, committed 20608K, reserved 1048576K
}
Event: 72.141 GC heap after
{Heap after GC invocations=65 (full 0):
 garbage-first heap   total 291840K, used 173795K [0x0000000080000000, 0x0000000100000000)
  region size 1024K, 14 young (14336K), 14 survivors (14336K)
 Metaspace       used 153938K, committed 156224K, reserved 1245184K
  class space    used 19485K, committed 20608K, reserved 1048576K
}
Event: 73.204 GC heap before
{Heap before GC invocations=65 (full 0):
 garbage-first heap   total 291840K, used 263907K [0x0000000080000000, 0x0000000100000000)
  region size 1024K, 100 young (102400K), 14 survivors (14336K)
 Metaspace       used 154051K, committed 156288K, reserved 1245184K
  class space    used 19493K, committed 20608K, reserved 1048576K
}
Event: 73.270 GC heap after
{Heap after GC invocations=66 (full 0):
 garbage-first heap   total 320512K, used 211857K [0x0000000080000000, 0x0000000100000000)
  region size 1024K, 13 young (13312K), 13 survivors (13312K)
 Metaspace       used 154051K, committed 156288K, reserved 1245184K
  class space    used 19493K, committed 20608K, reserved 1048576K
}
Event: 73.286 GC heap before
{Heap before GC invocations=66 (full 0):
 garbage-first heap   total 320512K, used 212881K [0x0000000080000000, 0x0000000100000000)
  region size 1024K, 15 young (15360K), 13 survivors (13312K)
 Metaspace       used 154051K, committed 156288K, reserved 1245184K
  class space    used 19493K, committed 20608K, reserved 1048576K
}
Event: 73.308 GC heap after
{Heap after GC invocations=67 (full 0):
 garbage-first heap   total 447488K, used 217882K [0x0000000080000000, 0x0000000100000000)
  region size 1024K, 4 young (4096K), 4 survivors (4096K)
 Metaspace       used 154051K, committed 156288K, reserved 1245184K
  class space    used 19493K, committed 20608K, reserved 1048576K
}
Event: 74.865 GC heap before
{Heap before GC invocations=68 (full 0):
 garbage-first heap   total 447488K, used 316186K [0x0000000080000000, 0x0000000100000000)
  region size 1024K, 104 young (106496K), 4 survivors (4096K)
 Metaspace       used 154234K, committed 156480K, reserved 1245184K
  class space    used 19507K, committed 20608K, reserved 1048576K
}
Event: 75.074 GC heap after
{Heap after GC invocations=69 (full 0):
 garbage-first heap   total 447488K, used 235520K [0x0000000080000000, 0x0000000100000000)
  region size 1024K, 13 young (13312K), 13 survivors (13312K)
 Metaspace       used 154234K, committed 156480K, reserved 1245184K
  class space    used 19507K, committed 20608K, reserved 1048576K
}
Event: 78.800 GC heap before
{Heap before GC invocations=69 (full 0):
 garbage-first heap   total 447488K, used 338944K [0x0000000080000000, 0x0000000100000000)
  region size 1024K, 112 young (114688K), 13 survivors (13312K)
 Metaspace       used 154973K, committed 157184K, reserved 1245184K
  class space    used 19570K, committed 20672K, reserved 1048576K
}
Event: 78.989 GC heap after
{Heap after GC invocations=70 (full 0):
 garbage-first heap   total 447488K, used 239706K [0x0000000080000000, 0x0000000100000000)
  region size 1024K, 9 young (9216K), 9 survivors (9216K)
 Metaspace       used 154973K, committed 157184K, reserved 1245184K
  class space    used 19570K, committed 20672K, reserved 1048576K
}
Event: 79.543 GC heap before
{Heap before GC invocations=70 (full 0):
 garbage-first heap   total 447488K, used 283738K [0x0000000080000000, 0x0000000100000000)
  region size 1024K, 53 young (54272K), 9 survivors (9216K)
 Metaspace       used 155081K, committed 157376K, reserved 1245184K
  class space    used 19570K, committed 20672K, reserved 1048576K
}
Event: 79.708 GC heap after
{Heap after GC invocations=71 (full 0):
 garbage-first heap   total 447488K, used 242234K [0x0000000080000000, 0x0000000100000000)
  region size 1024K, 3 young (3072K), 3 survivors (3072K)
 Metaspace       used 155081K, committed 157376K, reserved 1245184K
  class space    used 19570K, committed 20672K, reserved 1048576K
}
Event: 81.427 GC heap before
{Heap before GC invocations=71 (full 0):
 garbage-first heap   total 447488K, used 346682K [0x0000000080000000, 0x0000000100000000)
  region size 1024K, 104 young (106496K), 3 survivors (3072K)
 Metaspace       used 155269K, committed 157568K, reserved 1245184K
  class space    used 19593K, committed 20736K, reserved 1048576K
}
Event: 81.479 GC heap after
{Heap after GC invocations=72 (full 0):
 garbage-first heap   total 447488K, used 258916K [0x0000000080000000, 0x0000000100000000)
  region size 1024K, 13 young (13312K), 13 survivors (13312K)
 Metaspace       used 155269K, committed 157568K, reserved 1245184K
  class space    used 19593K, committed 20736K, reserved 1048576K
}
Event: 82.199 GC heap before
{Heap before GC invocations=72 (full 0):
 garbage-first heap   total 447488K, used 339812K [0x0000000080000000, 0x0000000100000000)
  region size 1024K, 98 young (100352K), 13 survivors (13312K)
 Metaspace       used 155296K, committed 157568K, reserved 1245184K
  class space    used 19595K, committed 20736K, reserved 1048576K
}

