# JRE version: OpenJDK Runtime Environment (21.0.4) (build 21.0.4+-12508038-b607.1)
# Java VM: OpenJDK 64-Bit Server VM (21.0.4+-12508038-b607.1, mixed mode, tiered, compressed oops, compressed class ptrs, g1 gc, windows-amd64)
GC Precious Log:
 CardTable entry size: 512
 Card Set container configuration: InlinePtr #cards 5 size 8 Array Of Cards #cards 12 size 40 Howl #buckets 4 coarsen threshold 1843 Howl Bitmap #cards 512 size 80 coarsen threshold 460 Card regions per heap region 1 cards per card region 2048
 CPUs: 12 total, 12 available
 Memory: 3443M
 Large Page Support: Disabled
 NUMA Support: Disabled
 Compressed Oops: Enabled (32-bit)
 Heap Region Size: 1M
 Heap Min Capacity: 8M
 Heap Initial Capacity: 54M
 Heap Max Capacity: 862M
 Pre-touch: Disabled
 Parallel Workers: 10
 Concurrent Workers: 3
 Concurrent Refinement Workers: 10
 Periodic GC: Disabled
Heap:
 garbage-first heap   total 58368K, used 36910K [0x00000000ca200000, 0x0000000100000000)
  region size 1024K, 3 young (3072K), 3 survivors (3072K)
 Metaspace       used 49451K, committed 50176K, reserved 1114112K
  class space    used 5840K, committed 6208K, reserved 1048576K
GC Heap History (20 events):
Event: 2.395 GC heap after
{Heap after GC invocations=6 (full 0):
 garbage-first heap   total 35840K, used 16785K [0x00000000ca200000, 0x0000000100000000)
  region size 1024K, 2 young (2048K), 2 survivors (2048K)
 Metaspace       used 31190K, committed 31488K, reserved 1114112K
  class space    used 3883K, committed 4032K, reserved 1048576K
}
Event: 2.623 GC heap before
{Heap before GC invocations=6 (full 0):
 garbage-first heap   total 35840K, used 29073K [0x00000000ca200000, 0x0000000100000000)
  region size 1024K, 14 young (14336K), 2 survivors (2048K)
 Metaspace       used 33803K, committed 34048K, reserved 1114112K
  class space    used 4155K, committed 4288K, reserved 1048576K
}
Event: 2.629 GC heap after
{Heap after GC invocations=7 (full 0):
 garbage-first heap   total 35840K, used 18436K [0x00000000ca200000, 0x0000000100000000)
  region size 1024K, 2 young (2048K), 2 survivors (2048K)
 Metaspace       used 33803K, committed 34048K, reserved 1114112K
  class space    used 4155K, committed 4288K, reserved 1048576K
}
Event: 2.779 GC heap before
{Heap before GC invocations=7 (full 0):
 garbage-first heap   total 35840K, used 25604K [0x00000000ca200000, 0x0000000100000000)
  region size 1024K, 11 young (11264K), 2 survivors (2048K)
 Metaspace       used 35772K, committed 35968K, reserved 1114112K
  class space    used 4298K, committed 4416K, reserved 1048576K
}
Event: 2.784 GC heap after
{Heap after GC invocations=8 (full 0):
 garbage-first heap   total 44032K, used 19127K [0x00000000ca200000, 0x0000000100000000)
  region size 1024K, 1 young (1024K), 1 survivors (1024K)
 Metaspace       used 35772K, committed 35968K, reserved 1114112K
  class space    used 4298K, committed 4416K, reserved 1048576K
}
Event: 3.121 GC heap before
{Heap before GC invocations=9 (full 0):
 garbage-first heap   total 44032K, used 35511K [0x00000000ca200000, 0x0000000100000000)
  region size 1024K, 18 young (18432K), 1 survivors (1024K)
 Metaspace       used 38530K, committed 39168K, reserved 1114112K
  class space    used 4666K, committed 4992K, reserved 1048576K
}
Event: 3.126 GC heap after
{Heap after GC invocations=10 (full 0):
 garbage-first heap   total 44032K, used 20708K [0x00000000ca200000, 0x0000000100000000)
  region size 1024K, 3 young (3072K), 3 survivors (3072K)
 Metaspace       used 38530K, committed 39168K, reserved 1114112K
  class space    used 4666K, committed 4992K, reserved 1048576K
}
Event: 3.540 GC heap before
{Heap before GC invocations=10 (full 0):
 garbage-first heap   total 44032K, used 38116K [0x00000000ca200000, 0x0000000100000000)
  region size 1024K, 19 young (19456K), 3 survivors (3072K)
 Metaspace       used 42472K, committed 43200K, reserved 1114112K
  class space    used 5159K, committed 5568K, reserved 1048576K
}
Event: 3.549 GC heap after
{Heap after GC invocations=11 (full 0):
 garbage-first heap   total 45056K, used 23904K [0x00000000ca200000, 0x0000000100000000)
  region size 1024K, 3 young (3072K), 3 survivors (3072K)
 Metaspace       used 42472K, committed 43200K, reserved 1114112K
  class space    used 5159K, committed 5568K, reserved 1048576K
}
Event: 4.012 GC heap before
{Heap before GC invocations=11 (full 0):
 garbage-first heap   total 45056K, used 37216K [0x00000000ca200000, 0x0000000100000000)
  region size 1024K, 17 young (17408K), 3 survivors (3072K)
 Metaspace       used 44404K, committed 45184K, reserved 1114112K
  class space    used 5363K, committed 5760K, reserved 1048576K
}
Event: 4.022 GC heap after
{Heap after GC invocations=12 (full 0):
 garbage-first heap   total 45056K, used 26154K [0x00000000ca200000, 0x0000000100000000)
  region size 1024K, 3 young (3072K), 3 survivors (3072K)
 Metaspace       used 44404K, committed 45184K, reserved 1114112K
  class space    used 5363K, committed 5760K, reserved 1048576K
}
Event: 4.303 GC heap before
{Heap before GC invocations=13 (full 0):
 garbage-first heap   total 45056K, used 38442K [0x00000000ca200000, 0x0000000100000000)
  region size 1024K, 15 young (15360K), 3 survivors (3072K)
 Metaspace       used 45478K, committed 46208K, reserved 1114112K
  class space    used 5471K, committed 5824K, reserved 1048576K
}
Event: 4.312 GC heap after
{Heap after GC invocations=14 (full 0):
 garbage-first heap   total 54272K, used 29033K [0x00000000ca200000, 0x0000000100000000)
  region size 1024K, 2 young (2048K), 2 survivors (2048K)
 Metaspace       used 45478K, committed 46208K, reserved 1114112K
  class space    used 5471K, committed 5824K, reserved 1048576K
}
Event: 4.551 GC heap before
{Heap before GC invocations=14 (full 0):
 garbage-first heap   total 54272K, used 46441K [0x00000000ca200000, 0x0000000100000000)
  region size 1024K, 18 young (18432K), 2 survivors (2048K)
 Metaspace       used 46491K, committed 47232K, reserved 1114112K
  class space    used 5588K, committed 5952K, reserved 1048576K
}
Event: 4.561 GC heap after
{Heap after GC invocations=15 (full 0):
 garbage-first heap   total 54272K, used 32768K [0x00000000ca200000, 0x0000000100000000)
  region size 1024K, 3 young (3072K), 3 survivors (3072K)
 Metaspace       used 46491K, committed 47232K, reserved 1114112K
  class space    used 5588K, committed 5952K, reserved 1048576K
}
Event: 4.602 GC heap before
{Heap before GC invocations=15 (full 0):
 garbage-first heap   total 54272K, used 46080K [0x00000000ca200000, 0x0000000100000000)
  region size 1024K, 16 young (16384K), 3 survivors (3072K)
 Metaspace       used 46526K, committed 47232K, reserved 1114112K
  class space    used 5588K, committed 5952K, reserved 1048576K
}
Event: 4.607 GC heap after
{Heap after GC invocations=16 (full 0):
 garbage-first heap   total 54272K, used 33997K [0x00000000ca200000, 0x0000000100000000)
  region size 1024K, 2 young (2048K), 2 survivors (2048K)
 Metaspace       used 46526K, committed 47232K, reserved 1114112K
  class space    used 5588K, committed 5952K, reserved 1048576K
}
Event: 4.927 GC heap before
{Heap before GC invocations=17 (full 0):
 garbage-first heap   total 58368K, used 46285K [0x00000000ca200000, 0x0000000100000000)
  region size 1024K, 14 young (14336K), 2 survivors (2048K)
 Metaspace       used 48498K, committed 49280K, reserved 1114112K
  class space    used 5818K, committed 6208K, reserved 1048576K
}
Event: 4.931 GC heap after
{Heap after GC invocations=18 (full 0):
 garbage-first heap   total 58368K, used 34704K [0x00000000ca200000, 0x0000000100000000)
  region size 1024K, 2 young (2048K), 2 survivors (2048K)
 Metaspace       used 48498K, committed 49280K, reserved 1114112K
  class space    used 5818K, committed 6208K, reserved 1048576K
}
Event: 5.281 GC heap before
{Heap before GC invocations=18 (full 0):
 garbage-first heap   total 58368K, used 50064K [0x00000000ca200000, 0x0000000100000000)
  region size 1024K, 17 young (17408K), 2 survivors (2048K)
 Metaspace       used 49451K, committed 50176K, reserved 1114112K
  class space    used 5840K, committed 6208K, reserved 1048576K
}

