# JRE version: OpenJDK Runtime Environment (21.0.4) (build 21.0.4+-12508038-b607.1)
# Java VM: OpenJDK 64-Bit Server VM (21.0.4+-12508038-b607.1, mixed mode, tiered, compressed oops, compressed class ptrs, g1 gc, windows-amd64)
GC Precious Log:
 CardTable entry size: 512
 Card Set container configuration: InlinePtr #cards 5 size 8 Array Of Cards #cards 12 size 40 Howl #buckets 4 coarsen threshold 1843 Howl Bitmap #cards 512 size 80 coarsen threshold 460 Card regions per heap region 1 cards per card region 2048
 CPUs: 12 total, 12 available
 Memory: 3443M
 Large Page Support: Disabled
 NUMA Support: Disabled
 Compressed Oops: Enabled (32-bit)
 Heap Region Size: 1M
 Heap Min Capacity: 8M
 Heap Initial Capacity: 54M
 Heap Max Capacity: 2G
 Pre-touch: Disabled
 Parallel Workers: 10
 Concurrent Workers: 3
 Concurrent Refinement Workers: 10
 Periodic GC: Disabled
Heap:
 garbage-first heap   total 388096K, used 277509K [0x0000000080000000, 0x0000000100000000)
  region size 1024K, 4 young (4096K), 4 survivors (4096K)
 Metaspace       used 199924K, committed 202560K, reserved 1245184K
  class space    used 25918K, committed 27264K, reserved 1048576K
GC Heap History (20 events):
Event: 30.889 GC heap after
{Heap after GC invocations=68 (full 0):
 garbage-first heap   total 336896K, used 217307K [0x0000000080000000, 0x0000000100000000)
  region size 1024K, 4 young (4096K), 4 survivors (4096K)
 Metaspace       used 175496K, committed 178048K, reserved 1245184K
  class space    used 22567K, committed 23872K, reserved 1048576K
}
Event: 32.007 GC heap before
{Heap before GC invocations=69 (full 0):
 garbage-first heap   total 375808K, used 317659K [0x0000000080000000, 0x0000000100000000)
  region size 1024K, 81 young (82944K), 4 survivors (4096K)
 Metaspace       used 176406K, committed 179008K, reserved 1245184K
  class space    used 22656K, committed 24000K, reserved 1048576K
}
Event: 32.018 GC heap after
{Heap after GC invocations=70 (full 0):
 garbage-first heap   total 375808K, used 225280K [0x0000000080000000, 0x0000000100000000)
  region size 1024K, 11 young (11264K), 11 survivors (11264K)
 Metaspace       used 176406K, committed 179008K, reserved 1245184K
  class space    used 22656K, committed 24000K, reserved 1048576K
}
Event: 32.523 GC heap before
{Heap before GC invocations=70 (full 0):
 garbage-first heap   total 375808K, used 327680K [0x0000000080000000, 0x0000000100000000)
  region size 1024K, 112 young (114688K), 11 survivors (11264K)
 Metaspace       used 179826K, committed 182528K, reserved 1245184K
  class space    used 22966K, committed 24320K, reserved 1048576K
}
Event: 32.540 GC heap after
{Heap after GC invocations=71 (full 0):
 garbage-first heap   total 375808K, used 232001K [0x0000000080000000, 0x0000000100000000)
  region size 1024K, 8 young (8192K), 8 survivors (8192K)
 Metaspace       used 179826K, committed 182528K, reserved 1245184K
  class space    used 22966K, committed 24320K, reserved 1048576K
}
Event: 33.657 GC heap before
{Heap before GC invocations=71 (full 0):
 garbage-first heap   total 375808K, used 332353K [0x0000000080000000, 0x0000000100000000)
  region size 1024K, 107 young (109568K), 8 survivors (8192K)
 Metaspace       used 182556K, committed 185216K, reserved 1245184K
  class space    used 23256K, committed 24576K, reserved 1048576K
}
Event: 33.674 GC heap after
{Heap after GC invocations=72 (full 0):
 garbage-first heap   total 375808K, used 228529K [0x0000000080000000, 0x0000000100000000)
  region size 1024K, 7 young (7168K), 7 survivors (7168K)
 Metaspace       used 182556K, committed 185216K, reserved 1245184K
  class space    used 23256K, committed 24576K, reserved 1048576K
}
Event: 34.518 GC heap before
{Heap before GC invocations=72 (full 0):
 garbage-first heap   total 375808K, used 335025K [0x0000000080000000, 0x0000000100000000)
  region size 1024K, 112 young (114688K), 7 survivors (7168K)
 Metaspace       used 183338K, committed 185984K, reserved 1245184K
  class space    used 23344K, committed 24704K, reserved 1048576K
}
Event: 34.532 GC heap after
{Heap after GC invocations=73 (full 0):
 garbage-first heap   total 375808K, used 233365K [0x0000000080000000, 0x0000000100000000)
  region size 1024K, 11 young (11264K), 11 survivors (11264K)
 Metaspace       used 183338K, committed 185984K, reserved 1245184K
  class space    used 23344K, committed 24704K, reserved 1048576K
}
Event: 35.227 GC heap before
{Heap before GC invocations=74 (full 0):
 garbage-first heap   total 375808K, used 307093K [0x0000000080000000, 0x0000000100000000)
  region size 1024K, 117 young (119808K), 11 survivors (11264K)
 Metaspace       used 185136K, committed 187776K, reserved 1245184K
  class space    used 23589K, committed 24896K, reserved 1048576K
}
Event: 35.248 GC heap after
{Heap after GC invocations=75 (full 0):
 garbage-first heap   total 375808K, used 216064K [0x0000000080000000, 0x0000000100000000)
  region size 1024K, 15 young (15360K), 15 survivors (15360K)
 Metaspace       used 185136K, committed 187776K, reserved 1245184K
  class space    used 23589K, committed 24896K, reserved 1048576K
}
Event: 36.088 GC heap before
{Heap before GC invocations=75 (full 0):
 garbage-first heap   total 375808K, used 331776K [0x0000000080000000, 0x0000000100000000)
  region size 1024K, 129 young (132096K), 15 survivors (15360K)
 Metaspace       used 189687K, committed 192320K, reserved 1245184K
  class space    used 24215K, committed 25536K, reserved 1048576K
}
Event: 36.121 GC heap after
{Heap after GC invocations=76 (full 0):
 garbage-first heap   total 375808K, used 211968K [0x0000000080000000, 0x0000000100000000)
  region size 1024K, 17 young (17408K), 17 survivors (17408K)
 Metaspace       used 189687K, committed 192320K, reserved 1245184K
  class space    used 24215K, committed 25536K, reserved 1048576K
}
Event: 36.724 GC heap before
{Heap before GC invocations=76 (full 0):
 garbage-first heap   total 375808K, used 327680K [0x0000000080000000, 0x0000000100000000)
  region size 1024K, 130 young (133120K), 17 survivors (17408K)
 Metaspace       used 192576K, committed 195200K, reserved 1245184K
  class space    used 24675K, committed 25984K, reserved 1048576K
}
Event: 36.773 GC heap after
{Heap after GC invocations=77 (full 0):
 garbage-first heap   total 375808K, used 231646K [0x0000000080000000, 0x0000000100000000)
  region size 1024K, 17 young (17408K), 17 survivors (17408K)
 Metaspace       used 192576K, committed 195200K, reserved 1245184K
  class space    used 24675K, committed 25984K, reserved 1048576K
}
Event: 38.331 GC heap before
{Heap before GC invocations=78 (full 0):
 garbage-first heap   total 388096K, used 331998K [0x0000000080000000, 0x0000000100000000)
  region size 1024K, 115 young (117760K), 17 survivors (17408K)
 Metaspace       used 195083K, committed 197696K, reserved 1245184K
  class space    used 25111K, committed 26432K, reserved 1048576K
}
Event: 38.364 GC heap after
{Heap after GC invocations=79 (full 0):
 garbage-first heap   total 388096K, used 254273K [0x0000000080000000, 0x0000000100000000)
  region size 1024K, 15 young (15360K), 15 survivors (15360K)
 Metaspace       used 195083K, committed 197696K, reserved 1245184K
  class space    used 25111K, committed 26432K, reserved 1048576K
}
Event: 38.498 GC heap before
{Heap before GC invocations=79 (full 0):
 garbage-first heap   total 388096K, used 343361K [0x0000000080000000, 0x0000000100000000)
  region size 1024K, 102 young (104448K), 15 survivors (15360K)
 Metaspace       used 195760K, committed 198400K, reserved 1245184K
  class space    used 25207K, committed 26560K, reserved 1048576K
}
Event: 38.528 GC heap after
{Heap after GC invocations=80 (full 0):
 garbage-first heap   total 388096K, used 272288K [0x0000000080000000, 0x0000000100000000)
  region size 1024K, 13 young (13312K), 13 survivors (13312K)
 Metaspace       used 195760K, committed 198400K, reserved 1245184K
  class space    used 25207K, committed 26560K, reserved 1048576K
}
Event: 39.185 GC heap before
{Heap before GC invocations=80 (full 0):
 garbage-first heap   total 388096K, used 346016K [0x0000000080000000, 0x0000000100000000)
  region size 1024K, 86 young (88064K), 13 survivors (13312K)
 Metaspace       used 199924K, committed 202560K, reserved 1245184K
  class space    used 25918K, committed 27264K, reserved 1048576K
}

