# JRE version: OpenJDK Runtime Environment (21.0.4) (build 21.0.4+-12508038-b607.1)
# Java VM: OpenJDK 64-Bit Server VM (21.0.4+-12508038-b607.1, mixed mode, tiered, compressed oops, compressed class ptrs, g1 gc, windows-amd64)
GC Precious Log:
 CardTable entry size: 512
 Card Set container configuration: InlinePtr #cards 5 size 8 Array Of Cards #cards 12 size 40 Howl #buckets 4 coarsen threshold 1843 Howl Bitmap #cards 512 size 80 coarsen threshold 460 Card regions per heap region 1 cards per card region 2048
 CPUs: 12 total, 12 available
 Memory: 3443M
 Large Page Support: Disabled
 NUMA Support: Disabled
 Compressed Oops: Enabled (32-bit)
 Heap Region Size: 1M
 Heap Min Capacity: 8M
 Heap Initial Capacity: 54M
 Heap Max Capacity: 2G
 Pre-touch: Disabled
 Parallel Workers: 10
 Concurrent Workers: 3
 Concurrent Refinement Workers: 10
 Periodic GC: Disabled
Heap:
 garbage-first heap   total 486400K, used 296477K [0x0000000080000000, 0x0000000100000000)
  region size 1024K, 43 young (44032K), 18 survivors (18432K)
 Metaspace       used 182644K, committed 185344K, reserved 1245184K
  class space    used 23370K, committed 24768K, reserved 1048576K
GC Heap History (20 events):
Event: 35.469 GC heap before
{Heap before GC invocations=73 (full 0):
 garbage-first heap   total 450560K, used 437259K [0x0000000080000000, 0x0000000100000000)
  region size 1024K, 264 young (270336K), 2 survivors (2048K)
 Metaspace       used 100459K, committed 102400K, reserved 1179648K
  class space    used 13513K, committed 14464K, reserved 1048576K
}
Event: 35.513 GC heap after
{Heap after GC invocations=74 (full 0):
 garbage-first heap   total 478208K, used 187143K [0x0000000080000000, 0x0000000100000000)
  region size 1024K, 33 young (33792K), 33 survivors (33792K)
 Metaspace       used 100459K, committed 102400K, reserved 1179648K
  class space    used 13513K, committed 14464K, reserved 1048576K
}
Event: 38.637 GC heap before
{Heap before GC invocations=74 (full 0):
 garbage-first heap   total 478208K, used 419591K [0x0000000080000000, 0x0000000100000000)
  region size 1024K, 259 young (265216K), 33 survivors (33792K)
 Metaspace       used 124427K, committed 126656K, reserved 1179648K
  class space    used 16243K, committed 17344K, reserved 1048576K
}
Event: 38.678 GC heap after
{Heap after GC invocations=75 (full 0):
 garbage-first heap   total 478208K, used 202315K [0x0000000080000000, 0x0000000100000000)
  region size 1024K, 15 young (15360K), 15 survivors (15360K)
 Metaspace       used 124427K, committed 126656K, reserved 1179648K
  class space    used 16243K, committed 17344K, reserved 1048576K
}
Event: 39.219 GC heap before
{Heap before GC invocations=75 (full 0):
 garbage-first heap   total 478208K, used 245323K [0x0000000080000000, 0x0000000100000000)
  region size 1024K, 58 young (59392K), 15 survivors (15360K)
 Metaspace       used 131383K, committed 133568K, reserved 1179648K
  class space    used 16913K, committed 17984K, reserved 1048576K
}
Event: 39.229 GC heap after
{Heap after GC invocations=76 (full 0):
 garbage-first heap   total 478208K, used 202407K [0x0000000080000000, 0x0000000100000000)
  region size 1024K, 15 young (15360K), 15 survivors (15360K)
 Metaspace       used 131383K, committed 133568K, reserved 1179648K
  class space    used 16913K, committed 17984K, reserved 1048576K
}
Event: 44.573 GC heap before
{Heap before GC invocations=77 (full 0):
 garbage-first heap   total 478208K, used 453287K [0x0000000080000000, 0x0000000100000000)
  region size 1024K, 245 young (250880K), 15 survivors (15360K)
 Metaspace       used 153187K, committed 155648K, reserved 1245184K
  class space    used 19581K, committed 20800K, reserved 1048576K
}
Event: 44.599 GC heap after
{Heap after GC invocations=78 (full 0):
 garbage-first heap   total 486400K, used 230055K [0x0000000080000000, 0x0000000100000000)
  region size 1024K, 31 young (31744K), 31 survivors (31744K)
 Metaspace       used 153187K, committed 155648K, reserved 1245184K
  class space    used 19581K, committed 20800K, reserved 1048576K
}
Event: 48.100 GC heap before
{Heap before GC invocations=78 (full 0):
 garbage-first heap   total 486400K, used 429735K [0x0000000080000000, 0x0000000100000000)
  region size 1024K, 225 young (230400K), 31 survivors (31744K)
 Metaspace       used 157399K, committed 159936K, reserved 1245184K
  class space    used 20041K, committed 21312K, reserved 1048576K
}
Event: 48.131 GC heap after
{Heap after GC invocations=79 (full 0):
 garbage-first heap   total 486400K, used 240965K [0x0000000080000000, 0x0000000100000000)
  region size 1024K, 13 young (13312K), 13 survivors (13312K)
 Metaspace       used 157399K, committed 159936K, reserved 1245184K
  class space    used 20041K, committed 21312K, reserved 1048576K
}
Event: 50.573 GC heap before
{Heap before GC invocations=79 (full 0):
 garbage-first heap   total 486400K, used 399685K [0x0000000080000000, 0x0000000100000000)
  region size 1024K, 169 young (173056K), 13 survivors (13312K)
 Metaspace       used 163845K, committed 166336K, reserved 1245184K
  class space    used 20627K, committed 21888K, reserved 1048576K
}
Event: 50.581 GC heap after
{Heap after GC invocations=80 (full 0):
 garbage-first heap   total 486400K, used 235845K [0x0000000080000000, 0x0000000100000000)
  region size 1024K, 8 young (8192K), 8 survivors (8192K)
 Metaspace       used 163845K, committed 166336K, reserved 1245184K
  class space    used 20627K, committed 21888K, reserved 1048576K
}
Event: 56.214 GC heap before
{Heap before GC invocations=81 (full 0):
 garbage-first heap   total 486400K, used 464197K [0x0000000080000000, 0x0000000100000000)
  region size 1024K, 217 young (222208K), 8 survivors (8192K)
 Metaspace       used 176647K, committed 179264K, reserved 1245184K
  class space    used 22627K, committed 23936K, reserved 1048576K
}
Event: 56.238 GC heap after
{Heap after GC invocations=82 (full 0):
 garbage-first heap   total 486400K, used 254877K [0x0000000080000000, 0x0000000100000000)
  region size 1024K, 20 young (20480K), 20 survivors (20480K)
 Metaspace       used 176647K, committed 179264K, reserved 1245184K
  class space    used 22627K, committed 23936K, reserved 1048576K
}
Event: 60.909 GC heap before
{Heap before GC invocations=82 (full 0):
 garbage-first heap   total 486400K, used 439197K [0x0000000080000000, 0x0000000100000000)
  region size 1024K, 200 young (204800K), 20 survivors (20480K)
 Metaspace       used 176649K, committed 179264K, reserved 1245184K
  class space    used 22627K, committed 23936K, reserved 1048576K
}
Event: 60.951 GC heap after
{Heap after GC invocations=83 (full 0):
 garbage-first heap   total 486400K, used 257000K [0x0000000080000000, 0x0000000100000000)
  region size 1024K, 12 young (12288K), 12 survivors (12288K)
 Metaspace       used 176649K, committed 179264K, reserved 1245184K
  class space    used 22627K, committed 23936K, reserved 1048576K
}
Event: 64.696 GC heap before
{Heap before GC invocations=83 (full 0):
 garbage-first heap   total 486400K, used 447464K [0x0000000080000000, 0x0000000100000000)
  region size 1024K, 198 young (202752K), 12 survivors (12288K)
 Metaspace       used 176650K, committed 179264K, reserved 1245184K
  class space    used 22627K, committed 23936K, reserved 1048576K
}
Event: 64.716 GC heap after
{Heap after GC invocations=84 (full 0):
 garbage-first heap   total 486400K, used 263803K [0x0000000080000000, 0x0000000100000000)
  region size 1024K, 19 young (19456K), 19 survivors (19456K)
 Metaspace       used 176650K, committed 179264K, reserved 1245184K
  class space    used 22627K, committed 23936K, reserved 1048576K
}
Event: 68.344 GC heap before
{Heap before GC invocations=85 (full 0):
 garbage-first heap   total 486400K, used 438907K [0x0000000080000000, 0x0000000100000000)
  region size 1024K, 191 young (195584K), 19 survivors (19456K)
 Metaspace       used 180132K, committed 182720K, reserved 1245184K
  class space    used 23060K, committed 24384K, reserved 1048576K
}
Event: 68.403 GC heap after
{Heap after GC invocations=86 (full 0):
 garbage-first heap   total 486400K, used 271901K [0x0000000080000000, 0x0000000100000000)
  region size 1024K, 18 young (18432K), 18 survivors (18432K)
 Metaspace       used 180132K, committed 182720K, reserved 1245184K
  class space    used 23060K, committed 24384K, reserved 1048576K
}

